[debug] [2021-03-11T17:06:34.220Z] ----------------------------------------------------------------------
[debug] [2021-03-11T17:06:34.222Z] Command:       C:\Program Files\nodejs\node.exe C:\Users\vadim\AppData\Roaming\npm\node_modules\firebase-tools\lib\bin\firebase.js init
[debug] [2021-03-11T17:06:34.222Z] CLI Version:   9.6.0
[debug] [2021-03-11T17:06:34.222Z] Platform:      win32
[debug] [2021-03-11T17:06:34.222Z] Node Version:  v14.9.0
[debug] [2021-03-11T17:06:34.223Z] Time:          Thu Mar 11 2021 19:06:34 GMT+0200 (Восточная Европа, стандартное время)
[debug] [2021-03-11T17:06:34.223Z] ----------------------------------------------------------------------
[debug] [2021-03-11T17:06:34.223Z] 
[debug] [2021-03-11T17:06:34.227Z] > command requires scopes: ["email","openid","https://www.googleapis.com/auth/cloudplatformprojects.readonly","https://www.googleapis.com/auth/firebase","https://www.googleapis.com/auth/cloud-platform"]
[debug] [2021-03-11T17:06:34.227Z] > authorizing via signed-in user
[info] 
     ######## #### ########  ######## ########     ###     ######  ########
     ##        ##  ##     ## ##       ##     ##  ##   ##  ##       ##
     ######    ##  ########  ######   ########  #########  ######  ######
     ##        ##  ##    ##  ##       ##     ## ##     ##       ## ##
     ##       #### ##     ## ######## ########  ##     ##  ######  ########

You're about to initialize a Firebase project in this directory:

  C:\Users\vadim\Desktop\Posts\posts-front

[info] 
=== Project Setup
[info] 
[info] First, let's associate this project directory with a Firebase project.
[info] You can create multiple project aliases by running firebase use --add, 
[info] but for now we'll just set up a default project.
[info] 
